c:\users\kelmo\documents\swimgit\swimswimswim\assets\nativecode\visualstudio\build\debug\audioplugindemo.lib
c:\users\kelmo\documents\swimgit\swimswimswim\assets\nativecode\visualstudio\build\debug\audioplugindemo.exp
c:\users\kelmo\documents\swimgit\swimswimswim\nativecode\visualstudio\build\debug\audioplugindemo.lib
c:\users\kelmo\documents\swimgit\swimswimswim\nativecode\visualstudio\build\debug\audioplugindemo.exp
c:\users\kelmo\documents\swimgit\swimswimswim\assets\nativecode\visualstudio\build\debug\vc140.pdb
c:\users\kelmo\documents\swimgit\swimswimswim\nativecode\visualstudio\build\debug\vc140.pdb
c:\users\kelmo\documents\swimgit\swimswimswim\nativecode\visualstudio\build\debug\plugin_ringmodulator.obj
c:\users\kelmo\documents\swimgit\swimswimswim\nativecode\visualstudio\build\debug\plugin_pitchdetector.obj
c:\users\kelmo\documents\swimgit\swimswimswim\nativecode\visualstudio\build\debug\plugin_oscilloscope.obj
c:\users\kelmo\documents\swimgit\swimswimswim\nativecode\visualstudio\build\debug\plugin_noisebox.obj
c:\users\kelmo\documents\swimgit\swimswimswim\nativecode\visualstudio\build\debug\plugin_multiband.obj
c:\users\kelmo\documents\swimgit\swimswimswim\nativecode\visualstudio\build\debug\plugin_modalfilter.obj
c:\users\kelmo\documents\swimgit\swimswimswim\nativecode\visualstudio\build\debug\plugin_loudnessmeter.obj
c:\users\kelmo\documents\swimgit\swimswimswim\nativecode\visualstudio\build\debug\plugin_levelmixer.obj
c:\users\kelmo\documents\swimgit\swimswimswim\nativecode\visualstudio\build\debug\plugin_lofinator.obj
c:\users\kelmo\documents\swimgit\swimswimswim\nativecode\visualstudio\build\debug\plugin_impulsegenerator.obj
c:\users\kelmo\documents\swimgit\swimswimswim\nativecode\visualstudio\build\debug\plugin_impactgenerator.obj
c:\users\kelmo\documents\swimgit\swimswimswim\nativecode\visualstudio\build\debug\plugin_granulator.obj
c:\users\kelmo\documents\swimgit\swimswimswim\nativecode\visualstudio\build\debug\plugin_gain.obj
c:\users\kelmo\documents\swimgit\swimswimswim\nativecode\visualstudio\build\debug\plugin_equalizer.obj
c:\users\kelmo\documents\swimgit\swimswimswim\nativecode\visualstudio\build\debug\plugin_correlationmeter.obj
c:\users\kelmo\documents\swimgit\swimswimswim\nativecode\visualstudio\build\debug\plugin_convolutionreverb.obj
c:\users\kelmo\documents\swimgit\swimswimswim\nativecode\visualstudio\build\debug\plugin_bitsmasher.obj
c:\users\kelmo\documents\swimgit\swimswimswim\nativecode\visualstudio\build\debug\plugin_bitcrusher.obj
c:\users\kelmo\documents\swimgit\swimswimswim\nativecode\visualstudio\build\debug\hrtftable.obj
c:\users\kelmo\documents\swimgit\swimswimswim\nativecode\visualstudio\build\debug\audiopluginutil.obj
c:\users\kelmo\documents\swimgit\swimswimswim\nativecode\visualstudio\build\debug\plugin_wahwah.obj
c:\users\kelmo\documents\swimgit\swimswimswim\nativecode\visualstudio\build\debug\plugin_vocoder.obj
c:\users\kelmo\documents\swimgit\swimswimswim\nativecode\visualstudio\build\debug\plugin_tuberesonator.obj
c:\users\kelmo\documents\swimgit\swimswimswim\nativecode\visualstudio\build\debug\plugin_teleport.obj
c:\users\kelmo\documents\swimgit\swimswimswim\nativecode\visualstudio\build\debug\plugin_teedee.obj
c:\users\kelmo\documents\swimgit\swimswimswim\nativecode\visualstudio\build\debug\plugin_teebee.obj
c:\users\kelmo\documents\swimgit\swimswimswim\nativecode\visualstudio\build\debug\plugin_synthesizer.obj
c:\users\kelmo\documents\swimgit\swimswimswim\nativecode\visualstudio\build\debug\plugin_stereowidener.obj
c:\users\kelmo\documents\swimgit\swimswimswim\nativecode\visualstudio\build\debug\plugin_spatializerreverb.obj
c:\users\kelmo\documents\swimgit\swimswimswim\nativecode\visualstudio\build\debug\plugin_spatializer.obj
c:\users\kelmo\documents\swimgit\swimswimswim\nativecode\visualstudio\build\debug\plugin_sampleratereducer.obj
c:\users\kelmo\documents\swimgit\swimswimswim\nativecode\visualstudio\build\debug\plugin_routing.obj
c:\users\kelmo\documents\swimgit\swimswimswim\assets\nativecode\visualstudio\build\debug\audioplugindemo.ilk
c:\users\kelmo\documents\swimgit\swimswimswim\assets\nativecode\visualstudio\build\debug\audioplugindemo.dll
c:\users\kelmo\documents\swimgit\swimswimswim\assets\nativecode\visualstudio\build\debug\audioplugindemo.pdb
c:\users\kelmo\documents\swimgit\swimswimswim\nativecode\visualstudio\build\debug\audioplugindemo.ilk
c:\users\kelmo\documents\swimgit\swimswimswim\nativecode\visualstudio\build\debug\audioplugindemo.dll
c:\users\kelmo\documents\swimgit\swimswimswim\nativecode\visualstudio\build\debug\audioplugindemo.pdb
c:\users\kelmo\documents\swimgit\swimswimswim\nativecode\visualstudio\build\debug\audioplugindemo.dll.meta
c:\users\kelmo\documents\swimgit\swimswimswim\nativecode\visualstudio\build\debug\audioplugindemo.exp.meta
c:\users\kelmo\documents\swimgit\swimswimswim\nativecode\visualstudio\build\debug\audioplugindemo.ilk.meta
c:\users\kelmo\documents\swimgit\swimswimswim\nativecode\visualstudio\build\debug\audioplugindemo.lib.meta
c:\users\kelmo\documents\swimgit\swimswimswim\nativecode\visualstudio\build\debug\audioplugindemo.log.meta
c:\users\kelmo\documents\swimgit\swimswimswim\nativecode\visualstudio\build\debug\audioplugindemo.pdb.meta
c:\users\kelmo\documents\swimgit\swimswimswim\nativecode\visualstudio\build\debug\audioplugindemo.tlog.meta
c:\users\kelmo\documents\swimgit\swimswimswim\nativecode\visualstudio\build\debug\audiopluginutil.obj.meta
c:\users\kelmo\documents\swimgit\swimswimswim\nativecode\visualstudio\build\debug\hrtftable.obj.meta
c:\users\kelmo\documents\swimgit\swimswimswim\nativecode\visualstudio\build\debug\plugin_bitcrusher.obj.meta
c:\users\kelmo\documents\swimgit\swimswimswim\nativecode\visualstudio\build\debug\plugin_bitsmasher.obj.meta
c:\users\kelmo\documents\swimgit\swimswimswim\nativecode\visualstudio\build\debug\plugin_convolutionreverb.obj.meta
c:\users\kelmo\documents\swimgit\swimswimswim\nativecode\visualstudio\build\debug\plugin_correlationmeter.obj.meta
c:\users\kelmo\documents\swimgit\swimswimswim\nativecode\visualstudio\build\debug\plugin_equalizer.obj.meta
c:\users\kelmo\documents\swimgit\swimswimswim\nativecode\visualstudio\build\debug\plugin_gain.obj.meta
c:\users\kelmo\documents\swimgit\swimswimswim\nativecode\visualstudio\build\debug\plugin_granulator.obj.meta
c:\users\kelmo\documents\swimgit\swimswimswim\nativecode\visualstudio\build\debug\plugin_impactgenerator.obj.meta
c:\users\kelmo\documents\swimgit\swimswimswim\nativecode\visualstudio\build\debug\plugin_impulsegenerator.obj.meta
c:\users\kelmo\documents\swimgit\swimswimswim\nativecode\visualstudio\build\debug\plugin_levelmixer.obj.meta
c:\users\kelmo\documents\swimgit\swimswimswim\nativecode\visualstudio\build\debug\plugin_lofinator.obj.meta
c:\users\kelmo\documents\swimgit\swimswimswim\nativecode\visualstudio\build\debug\plugin_loudnessmeter.obj.meta
c:\users\kelmo\documents\swimgit\swimswimswim\nativecode\visualstudio\build\debug\plugin_modalfilter.obj.meta
c:\users\kelmo\documents\swimgit\swimswimswim\nativecode\visualstudio\build\debug\plugin_multiband.obj.meta
c:\users\kelmo\documents\swimgit\swimswimswim\nativecode\visualstudio\build\debug\plugin_noisebox.obj.meta
c:\users\kelmo\documents\swimgit\swimswimswim\nativecode\visualstudio\build\debug\plugin_oscilloscope.obj.meta
c:\users\kelmo\documents\swimgit\swimswimswim\nativecode\visualstudio\build\debug\plugin_pitchdetector.obj.meta
c:\users\kelmo\documents\swimgit\swimswimswim\nativecode\visualstudio\build\debug\plugin_ringmodulator.obj.meta
c:\users\kelmo\documents\swimgit\swimswimswim\nativecode\visualstudio\build\debug\plugin_routing.obj.meta
c:\users\kelmo\documents\swimgit\swimswimswim\nativecode\visualstudio\build\debug\plugin_sampleratereducer.obj.meta
c:\users\kelmo\documents\swimgit\swimswimswim\nativecode\visualstudio\build\debug\plugin_spatializer.obj.meta
c:\users\kelmo\documents\swimgit\swimswimswim\nativecode\visualstudio\build\debug\plugin_spatializerreverb.obj.meta
c:\users\kelmo\documents\swimgit\swimswimswim\nativecode\visualstudio\build\debug\plugin_stereowidener.obj.meta
c:\users\kelmo\documents\swimgit\swimswimswim\nativecode\visualstudio\build\debug\plugin_synthesizer.obj.meta
c:\users\kelmo\documents\swimgit\swimswimswim\nativecode\visualstudio\build\debug\plugin_teebee.obj.meta
c:\users\kelmo\documents\swimgit\swimswimswim\nativecode\visualstudio\build\debug\plugin_teedee.obj.meta
c:\users\kelmo\documents\swimgit\swimswimswim\nativecode\visualstudio\build\debug\plugin_teleport.obj.meta
c:\users\kelmo\documents\swimgit\swimswimswim\nativecode\visualstudio\build\debug\plugin_tuberesonator.obj.meta
c:\users\kelmo\documents\swimgit\swimswimswim\nativecode\visualstudio\build\debug\plugin_vocoder.obj.meta
c:\users\kelmo\documents\swimgit\swimswimswim\nativecode\visualstudio\build\debug\plugin_wahwah.obj.meta
c:\users\kelmo\documents\swimgit\swimswimswim\nativecode\visualstudio\build\debug\vc140.pdb.meta
c:\users\kelmo\documents\swimgit\swimswimswim\nativecode\visualstudio\build\debug\audioplugindemo.tlog\audioplugindemo.lastbuildstate.meta
c:\users\kelmo\documents\swimgit\swimswimswim\nativecode\visualstudio\build\debug\audioplugindemo.tlog\audioplugindemo.write.1u.tlog.meta
c:\users\kelmo\documents\swimgit\swimswimswim\nativecode\visualstudio\build\debug\audioplugindemo.tlog\cl.command.1.tlog.meta
c:\users\kelmo\documents\swimgit\swimswimswim\nativecode\visualstudio\build\debug\audioplugindemo.tlog\cl.read.1.tlog.meta
c:\users\kelmo\documents\swimgit\swimswimswim\nativecode\visualstudio\build\debug\audioplugindemo.tlog\cl.write.1.tlog.meta
c:\users\kelmo\documents\swimgit\swimswimswim\nativecode\visualstudio\build\debug\audioplugindemo.tlog\link.command.1.tlog.meta
c:\users\kelmo\documents\swimgit\swimswimswim\nativecode\visualstudio\build\debug\audioplugindemo.tlog\link.read.1.tlog.meta
c:\users\kelmo\documents\swimgit\swimswimswim\nativecode\visualstudio\build\debug\audioplugindemo.tlog\link.write.1.tlog.meta
c:\users\kelmo\documents\swimgit\swimswimswim\nativecode\visualstudio\build\debug\audioplugindemo.tlog\audioplugindemo.write.1u.tlog
c:\users\kelmo\documents\swimgit\swimswimswim\nativecode\visualstudio\build\debug\audioplugindemo.tlog\cl.command.1.tlog
c:\users\kelmo\documents\swimgit\swimswimswim\nativecode\visualstudio\build\debug\audioplugindemo.tlog\cl.read.1.tlog
c:\users\kelmo\documents\swimgit\swimswimswim\nativecode\visualstudio\build\debug\audioplugindemo.tlog\cl.write.1.tlog
c:\users\kelmo\documents\swimgit\swimswimswim\nativecode\visualstudio\build\debug\audioplugindemo.tlog\link.command.1.tlog
c:\users\kelmo\documents\swimgit\swimswimswim\nativecode\visualstudio\build\debug\audioplugindemo.tlog\link.read.1.tlog
c:\users\kelmo\documents\swimgit\swimswimswim\nativecode\visualstudio\build\debug\audioplugindemo.tlog\link.write.1.tlog
